<?xml version="1.0" encoding="UTF-8"?>
<testsuite xmlns:xsi="http://www.w3.org/2001/XMLSchema-instance" xsi:noNamespaceSchemaLocation="https://maven.apache.org/surefire/maven-surefire-plugin/xsd/surefire-test-report.xsd" version="3.0.2" name="com.example.artemenko_psychologist.ArtemenkoPsychologistApplicationTests" time="11.223" tests="1" errors="0" skipped="0" failures="0">
  <properties>
[...]
</properties>
  <testcase name="contextLoads" classname="com.example.artemenko_psychologist.ArtemenkoPsychologistApplicationTests" time="0.863">
    <system-out><![CDATA[01:19:11.222 [main] INFO org.springframework.test.context.support.AnnotationConfigContextLoaderUtils -- Could not detect default configuration classes for test class [com.example.artemenko_psychologist.ArtemenkoPsychologistApplicationTests]: ArtemenkoPsychologistApplicationTests does not declare any static, non-private, non-final, nested classes annotated with @Configuration.
01:19:11.433 [main] INFO org.springframework.boot.test.context.SpringBootTestContextBootstrapper -- Found @SpringBootConfiguration com.example.artemenko_psychologist.ArtemenkoPsychologistApplication for test class com.example.artemenko_psychologist.ArtemenkoPsychologistApplicationTests

  .   ____          _            __ _ _
 /\\ / ___'_ __ _ _(_)_ __  __ _ \ \ \ \
( ( )\___ | '_ | '_| | '_ \/ _` | \ \ \ \
 \\/  ___)| |_)| | | | | || (_| |  ) ) ) )
  '  |____| .__|_| |_|_| |_\__, | / / / /
 =========|_|==============|___/=/_/_/_/

 :: Spring Boot ::                (v3.4.4)

2025-04-08T01:19:12.196+03:00  INFO 52763 --- [Artemenko_psychologist] [           main] .a.ArtemenkoPsychologistApplicationTests : Starting ArtemenkoPsychologistApplicationTests using Java 21 with PID 52763 (started by vadim in /Users/vadim/Desktop/MicroService/Artemenko_psychologist)
2025-04-08T01:19:12.198+03:00  INFO 52763 --- [Artemenko_psychologist] [           main] .a.ArtemenkoPsychologistApplicationTests : No active profile set, falling back to 1 default profile: "default"
2025-04-08T01:19:13.886+03:00  INFO 52763 --- [Artemenko_psychologist] [           main] .s.d.r.c.RepositoryConfigurationDelegate : Bootstrapping Spring Data JPA repositories in DEFAULT mode.
2025-04-08T01:19:14.048+03:00  INFO 52763 --- [Artemenko_psychologist] [           main] .s.d.r.c.RepositoryConfigurationDelegate : Finished Spring Data repository scanning in 145 ms. Found 7 JPA repository interfaces.
2025-04-08T01:19:15.130+03:00  INFO 52763 --- [Artemenko_psychologist] [           main] o.hibernate.jpa.internal.util.LogHelper  : HHH000204: Processing PersistenceUnitInfo [name: default]
2025-04-08T01:19:15.184+03:00  INFO 52763 --- [Artemenko_psychologist] [           main] org.hibernate.Version                    : HHH000412: Hibernate ORM core version 6.6.11.Final
2025-04-08T01:19:15.218+03:00  INFO 52763 --- [Artemenko_psychologist] [           main] o.h.c.internal.RegionFactoryInitiator    : HHH000026: Second-level cache disabled
2025-04-08T01:19:15.826+03:00  INFO 52763 --- [Artemenko_psychologist] [           main] o.s.o.j.p.SpringPersistenceUnitInfo      : No LoadTimeWeaver setup: ignoring JPA class transformer
2025-04-08T01:19:15.875+03:00  INFO 52763 --- [Artemenko_psychologist] [           main] com.zaxxer.hikari.HikariDataSource       : HikariPool-1 - Starting...
2025-04-08T01:19:16.049+03:00  INFO 52763 --- [Artemenko_psychologist] [           main] com.zaxxer.hikari.pool.HikariPool        : HikariPool-1 - Added connection org.postgresql.jdbc.PgConnection@2037f12b
2025-04-08T01:19:16.050+03:00  INFO 52763 --- [Artemenko_psychologist] [           main] com.zaxxer.hikari.HikariDataSource       : HikariPool-1 - Start completed.
2025-04-08T01:19:16.094+03:00  WARN 52763 --- [Artemenko_psychologist] [           main] org.hibernate.orm.deprecation            : HHH90000025: PostgreSQLDialect does not need to be specified explicitly using 'hibernate.dialect' (remove the property setting and it will be selected by default)
2025-04-08T01:19:16.130+03:00  INFO 52763 --- [Artemenko_psychologist] [           main] org.hibernate.orm.connections.pooling    : HHH10001005: Database info:
	Database JDBC URL [Connecting through datasource 'HikariDataSource (HikariPool-1)']
	Database driver: undefined/unknown
	Database version: 15.5
	Autocommit mode: undefined/unknown
	Isolation level: undefined/unknown
	Minimum pool size: undefined/unknown
	Maximum pool size: undefined/unknown
2025-04-08T01:19:17.634+03:00  INFO 52763 --- [Artemenko_psychologist] [           main] o.h.e.t.j.p.i.JtaPlatformInitiator       : HHH000489: No JTA platform available (set 'hibernate.transaction.jta.platform' to enable JTA platform integration)
2025-04-08T01:19:17.895+03:00  INFO 52763 --- [Artemenko_psychologist] [           main] j.LocalContainerEntityManagerFactoryBean : Initialized JPA EntityManagerFactory for persistence unit 'default'
2025-04-08T01:19:18.845+03:00  INFO 52763 --- [Artemenko_psychologist] [           main] o.s.d.j.r.query.QueryEnhancerFactory     : Hibernate is in classpath; If applicable, HQL parser will be used.
2025-04-08T01:19:20.543+03:00  WARN 52763 --- [Artemenko_psychologist] [           main] JpaBaseConfiguration$JpaWebConfiguration : spring.jpa.open-in-view is enabled by default. Therefore, database queries may be performed during view rendering. Explicitly configure spring.jpa.open-in-view to disable this warning
2025-04-08T01:19:21.293+03:00  INFO 52763 --- [Artemenko_psychologist] [           main] .a.ArtemenkoPsychologistApplicationTests : Started ArtemenkoPsychologistApplicationTests in 9.668 seconds (process running for 11.294)
]]></system-out>
    <system-err><![CDATA[Mockito is currently self-attaching to enable the inline-mock-maker. This will no longer work in future releases of the JDK. Please add Mockito as an agent to your build what is described in Mockito's documentation: https://javadoc.io/doc/org.mockito/mockito-core/latest/org/mockito/Mockito.html#0.3
WARNING: A Java agent has been loaded dynamically (/Users/vadim/.m2/repository/net/bytebuddy/byte-buddy-agent/1.15.11/byte-buddy-agent-1.15.11.jar)
WARNING: If a serviceability tool is in use, please run with -XX:+EnableDynamicAgentLoading to hide this warning
WARNING: If a serviceability tool is not in use, please run with -Djdk.instrument.traceUsage for more information
WARNING: Dynamic loading of agents will be disallowed by default in a future release
]]></system-err>
  </testcase>
</testsuite>